Start testing: Oct 14 08:07 UTC
----------------------------------------------------------
1/8 Testing: RunTestsGameLibrary
1/8 Test: RunTestsGameLibrary
Command: "/home/thanhnguyem/project-TryGuessNumber/test/test_game_library/build/game_library"
Directory: /home/thanhnguyem/project-TryGuessNumber/test/test_game_library/build
"RunTestsGameLibrary" start time: Oct 14 08:07 UTC
Output:
----------------------------------------------------------
Running main() from /home/thanhnguyem/project-TryGuessNumber/test/test_data_fetching/build/googletest/googletest/src/gtest_main.cc
[==========] Running 15 tests from 4 test suites.
[----------] Global test environment set-up.
[----------] 6 tests from generate_secret_number
[ RUN      ] generate_secret_number.WithinBounds
[       OK ] generate_secret_number.WithinBounds (26 ms)
[ RUN      ] generate_secret_number.NegativeBounds
[       OK ] generate_secret_number.NegativeBounds (24 ms)
[ RUN      ] generate_secret_number.EqualBounds
[       OK ] generate_secret_number.EqualBounds (22 ms)
[ RUN      ] generate_secret_number.Randomness
[       OK ] generate_secret_number.Randomness (20 ms)
[ RUN      ] generate_secret_number.LargeRange
[       OK ] generate_secret_number.LargeRange (19 ms)
[ RUN      ] generate_secret_number.BoundaryValues
[       OK ] generate_secret_number.BoundaryValues (0 ms)
[----------] 6 tests from generate_secret_number (114 ms total)

[----------] 1 test from is_correct_guess
[ RUN      ] is_correct_guess.CKCorrectGuess
[       OK ] is_correct_guess.CKCorrectGuess (0 ms)
[----------] 1 test from is_correct_guess (0 ms total)

[----------] 4 tests from record_guess_attempt
[ RUN      ] record_guess_attempt.RecordSingleGuessAttempt
[       OK ] record_guess_attempt.RecordSingleGuessAttempt (0 ms)
[ RUN      ] record_guess_attempt.RecordMultipleGuessAttempts
[       OK ] record_guess_attempt.RecordMultipleGuessAttempts (0 ms)
[ RUN      ] record_guess_attempt.RecordBoundaryValues
[       OK ] record_guess_attempt.RecordBoundaryValues (0 ms)
[ RUN      ] record_guess_attempt.RecordNegativeValue
[       OK ] record_guess_attempt.RecordNegativeValue (0 ms)
[----------] 4 tests from record_guess_attempt (0 ms total)

[----------] 4 tests from get_average_attempts
[ RUN      ] get_average_attempts.AverageAttempts_Empty
[       OK ] get_average_attempts.AverageAttempts_Empty (0 ms)
[ RUN      ] get_average_attempts.AverageAttempts_Single
[       OK ] get_average_attempts.AverageAttempts_Single (0 ms)
[ RUN      ] get_average_attempts.AverageAttempts_Multiple
[       OK ] get_average_attempts.AverageAttempts_Multiple (0 ms)
[ RUN      ] get_average_attempts.AverageAttempts_BoundaryValues
[       OK ] get_average_attempts.AverageAttempts_BoundaryValues (0 ms)
[----------] 4 tests from get_average_attempts (0 ms total)

[----------] Global test environment tear-down
[==========] 15 tests from 4 test suites ran. (114 ms total)
[  PASSED  ] 15 tests.
<end of output>
Test time =   0.17 sec
----------------------------------------------------------
Test Passed.
"RunTestsGameLibrary" end time: Oct 14 08:07 UTC
"RunTestsGameLibrary" time elapsed: 00:00:00
----------------------------------------------------------

2/8 Testing: L2
2/8 Test: L2
Command: "/home/thanhnguyem/project-TryGuessNumber/test/test_game_library/build/game_library" "--gtest_filter=generate_secret_number"
Directory: /home/thanhnguyem/project-TryGuessNumber/test/test_game_library/build
"L2" start time: Oct 14 08:07 UTC
Output:
----------------------------------------------------------
Running main() from /home/thanhnguyem/project-TryGuessNumber/test/test_data_fetching/build/googletest/googletest/src/gtest_main.cc
Note: Google Test filter = generate_secret_number
[==========] Running 0 tests from 0 test suites.
[==========] 0 tests from 0 test suites ran. (0 ms total)
[  PASSED  ] 0 tests.
<end of output>
Test time =   0.02 sec
----------------------------------------------------------
Test Passed.
"L2" end time: Oct 14 08:07 UTC
"L2" time elapsed: 00:00:00
----------------------------------------------------------

3/8 Testing: L3
3/8 Test: L3
Command: "/home/thanhnguyem/project-TryGuessNumber/test/test_game_library/build/game_library" "--gtest_filter=is_correct_guess"
Directory: /home/thanhnguyem/project-TryGuessNumber/test/test_game_library/build
"L3" start time: Oct 14 08:07 UTC
Output:
----------------------------------------------------------
Running main() from /home/thanhnguyem/project-TryGuessNumber/test/test_data_fetching/build/googletest/googletest/src/gtest_main.cc
Note: Google Test filter = is_correct_guess
[==========] Running 0 tests from 0 test suites.
[==========] 0 tests from 0 test suites ran. (0 ms total)
[  PASSED  ] 0 tests.
<end of output>
Test time =   0.02 sec
----------------------------------------------------------
Test Passed.
"L3" end time: Oct 14 08:07 UTC
"L3" time elapsed: 00:00:00
----------------------------------------------------------

4/8 Testing: L4
4/8 Test: L4
Command: "/home/thanhnguyem/project-TryGuessNumber/test/test_game_library/build/game_library" "--gtest_filter=record_guess_attempt"
Directory: /home/thanhnguyem/project-TryGuessNumber/test/test_game_library/build
"L4" start time: Oct 14 08:07 UTC
Output:
----------------------------------------------------------
Running main() from /home/thanhnguyem/project-TryGuessNumber/test/test_data_fetching/build/googletest/googletest/src/gtest_main.cc
Note: Google Test filter = record_guess_attempt
[==========] Running 0 tests from 0 test suites.
[==========] 0 tests from 0 test suites ran. (0 ms total)
[  PASSED  ] 0 tests.
<end of output>
Test time =   0.02 sec
----------------------------------------------------------
Test Passed.
"L4" end time: Oct 14 08:07 UTC
"L4" time elapsed: 00:00:00
----------------------------------------------------------

5/8 Testing: L5
5/8 Test: L5
Command: "/home/thanhnguyem/project-TryGuessNumber/test/test_game_library/build/game_library" "--gtest_filter=get_average_attempts"
Directory: /home/thanhnguyem/project-TryGuessNumber/test/test_game_library/build
"L5" start time: Oct 14 08:07 UTC
Output:
----------------------------------------------------------
Running main() from /home/thanhnguyem/project-TryGuessNumber/test/test_data_fetching/build/googletest/googletest/src/gtest_main.cc
Note: Google Test filter = get_average_attempts
[==========] Running 0 tests from 0 test suites.
[==========] 0 tests from 0 test suites ran. (0 ms total)
[  PASSED  ] 0 tests.
<end of output>
Test time =   0.02 sec
----------------------------------------------------------
Test Passed.
"L5" end time: Oct 14 08:07 UTC
"L5" time elapsed: 00:00:00
----------------------------------------------------------

6/8 Testing: RunTestsRandom
6/8 Test: RunTestsRandom
Command: "/home/thanhnguyem/project-TryGuessNumber/test/test_game_library/build/randomTS"
Directory: /home/thanhnguyem/project-TryGuessNumber/test/test_game_library/build
"RunTestsRandom" start time: Oct 14 08:07 UTC
Output:
----------------------------------------------------------
Running main() from /home/thanhnguyem/project-TryGuessNumber/test/test_data_fetching/build/googletest/googletest/src/gtest_main.cc
[==========] Running 4 tests from 2 test suites.
[----------] Global test environment set-up.
[----------] 2 tests from uniform_int
[ RUN      ] uniform_int.ReturnsValueWithinRange
[       OK ] uniform_int.ReturnsValueWithinRange (0 ms)
[ RUN      ] uniform_int.ReturnsValuesWithUniformDistribution
[       OK ] uniform_int.ReturnsValuesWithUniformDistribution (2 ms)
[----------] 2 tests from uniform_int (2 ms total)

[----------] 2 tests from NormalDistributionTest
[ RUN      ] NormalDistributionTest.NormalDistributionMean
[       OK ] NormalDistributionTest.NormalDistributionMean (1 ms)
[ RUN      ] NormalDistributionTest.NormalDistributionStdDev
[       OK ] NormalDistributionTest.NormalDistributionStdDev (0 ms)
[----------] 2 tests from NormalDistributionTest (2 ms total)

[----------] Global test environment tear-down
[==========] 4 tests from 2 test suites ran. (4 ms total)
[  PASSED  ] 4 tests.
<end of output>
Test time =   0.04 sec
----------------------------------------------------------
Test Passed.
"RunTestsRandom" end time: Oct 14 08:07 UTC
"RunTestsRandom" time elapsed: 00:00:00
----------------------------------------------------------

7/8 Testing: R2
7/8 Test: R2
Command: "/home/thanhnguyem/project-TryGuessNumber/test/test_game_library/build/randomTS" "--gtest_filter=uniform_int"
Directory: /home/thanhnguyem/project-TryGuessNumber/test/test_game_library/build
"R2" start time: Oct 14 08:07 UTC
Output:
----------------------------------------------------------
Running main() from /home/thanhnguyem/project-TryGuessNumber/test/test_data_fetching/build/googletest/googletest/src/gtest_main.cc
Note: Google Test filter = uniform_int
[==========] Running 0 tests from 0 test suites.
[==========] 0 tests from 0 test suites ran. (0 ms total)
[  PASSED  ] 0 tests.
<end of output>
Test time =   0.03 sec
----------------------------------------------------------
Test Passed.
"R2" end time: Oct 14 08:07 UTC
"R2" time elapsed: 00:00:00
----------------------------------------------------------

8/8 Testing: R3
8/8 Test: R3
Command: "/home/thanhnguyem/project-TryGuessNumber/test/test_game_library/build/randomTS" "--gtest_filter=normal"
Directory: /home/thanhnguyem/project-TryGuessNumber/test/test_game_library/build
"R3" start time: Oct 14 08:07 UTC
Output:
----------------------------------------------------------
Running main() from /home/thanhnguyem/project-TryGuessNumber/test/test_data_fetching/build/googletest/googletest/src/gtest_main.cc
Note: Google Test filter = normal
[==========] Running 0 tests from 0 test suites.
[==========] 0 tests from 0 test suites ran. (0 ms total)
[  PASSED  ] 0 tests.
<end of output>
Test time =   0.02 sec
----------------------------------------------------------
Test Passed.
"R3" end time: Oct 14 08:07 UTC
"R3" time elapsed: 00:00:00
----------------------------------------------------------

End testing: Oct 14 08:07 UTC
