Start testing: Oct 12 09:37 UTC
----------------------------------------------------------
1/1 Testing: RunTestsPlayerData
1/1 Test: RunTestsPlayerData
Command: "/home/thanhnguyem/project-TryGuessNumber/test/test_data_fetching/build/test_player"
Directory: /home/thanhnguyem/project-TryGuessNumber/test/test_data_fetching/build
"RunTestsPlayerData" start time: Oct 12 09:37 UTC
Output:
----------------------------------------------------------
Running main() from /home/thanhnguyem/project-TryGuessNumber/test/test_data_fetching/build/googletest/googletest/src/gtest_main.cc
[==========] Running 6 tests from 2 test suites.
[----------] Global test environment set-up.
[----------] 3 tests from NguoiChoiTest
[ RUN      ] NguoiChoiTest.Constructor
[       OK ] NguoiChoiTest.Constructor (0 ms)
[ RUN      ] NguoiChoiTest.OutputOperator
[       OK ] NguoiChoiTest.OutputOperator (0 ms)
[ RUN      ] NguoiChoiTest.OutputStreamTest
[       OK ] NguoiChoiTest.OutputStreamTest (0 ms)
[----------] 3 tests from NguoiChoiTest (0 ms total)

[----------] 3 tests from display_menu
[ RUN      ] display_menu.SelectDefaultGames
[       OK ] display_menu.SelectDefaultGames (0 ms)
[ RUN      ] display_menu.SelectOtherOptionWithAndWithoutName
[       OK ] display_menu.SelectOtherOptionWithAndWithoutName (0 ms)
[ RUN      ] display_menu.ValidChoiceAfterInvalidChoice
[       OK ] display_menu.ValidChoiceAfterInvalidChoice (0 ms)
[----------] 3 tests from display_menu (0 ms total)

[----------] Global test environment tear-down
[==========] 6 tests from 2 test suites ran. (0 ms total)
[  PASSED  ] 6 tests.
<end of output>
Test time =   0.03 sec
----------------------------------------------------------
Test Passed.
"RunTestsPlayerData" end time: Oct 12 09:37 UTC
"RunTestsPlayerData" time elapsed: 00:00:00
----------------------------------------------------------

End testing: Oct 12 09:37 UTC
