Start testing: Oct 11 10:26 UTC
----------------------------------------------------------
1/1 Testing: RunTestsPlayerData
1/1 Test: RunTestsPlayerData
Command: "/home/thanhnguyem/project-TryGuessNumber/test/test_data_fetching/build/test_player"
Directory: /home/thanhnguyem/project-TryGuessNumber/test/test_data_fetching/build
"RunTestsPlayerData" start time: Oct 11 10:26 UTC
Output:
----------------------------------------------------------
Running main() from /home/thanhnguyem/project-TryGuessNumber/test/test_data_fetching/build/googletest/googletest/src/gtest_main.cc
[==========] Running 3 tests from 1 test suite.
[----------] Global test environment set-up.
[----------] 3 tests from NguoiChoiTest
[ RUN      ] NguoiChoiTest.Constructor
[       OK ] NguoiChoiTest.Constructor (0 ms)
[ RUN      ] NguoiChoiTest.OutputOperator
[       OK ] NguoiChoiTest.OutputOperator (0 ms)
[ RUN      ] NguoiChoiTest.OutputStreamTest
[       OK ] NguoiChoiTest.OutputStreamTest (0 ms)
[----------] 3 tests from NguoiChoiTest (0 ms total)

[----------] Global test environment tear-down
[==========] 3 tests from 1 test suite ran. (0 ms total)
[  PASSED  ] 3 tests.
<end of output>
Test time =   0.07 sec
----------------------------------------------------------
Test Passed.
"RunTestsPlayerData" end time: Oct 11 10:26 UTC
"RunTestsPlayerData" time elapsed: 00:00:00
----------------------------------------------------------

End testing: Oct 11 10:26 UTC
